$ vite build
22:13:58 [vite-plugin-svelte] no Svelte config found at C:/Users/Liviu/zveltio-ecosystem/zveltio-extensions/auth/saml/studio - using default configuration.
[36mvite v6.4.2 [32mbuilding for production...[36m[39m
transforming...
22:13:59 [vite-plugin-svelte] src/SamlConfigPage.svelte:115:10 A form label must be associated with a control
https://svelte.dev/e/a11y_label_has_associated_control
113:       <div class="space-y-3">
114:         <div>
115:           <label class="block text-sm font-medium text-gray-700 mb-1">IdP SSO URL <span class="text-red-500">*</span></label>
                                                                                                                                  ^
116:           <input bind:value={config.entryPoint} type="url" required
117:             placeholder="https://idp.example.com/sso/saml"
22:13:59 [vite-plugin-svelte] src/SamlConfigPage.svelte:122:10 A form label must be associated with a control
https://svelte.dev/e/a11y_label_has_associated_control
120: 
121:         <div>
122:           <label class="block text-sm font-medium text-gray-700 mb-1">SP Entity ID / Issuer <span class="text-red-500">*</span></label>
                                                                                                                                            ^
123:           <input bind:value={config.issuer} type="text" required
124:             placeholder="https://your-zveltio-instance.com"
22:13:59 [vite-plugin-svelte] src/SamlConfigPage.svelte:129:10 A form label must be associated with a control
https://svelte.dev/e/a11y_label_has_associated_control
127: 
128:         <div>
129:           <label class="block text-sm font-medium text-gray-700 mb-1">ACS Callback URL <span class="text-red-500">*</span></label>
                                                                                                                                       ^
130:           <input bind:value={config.callbackUrl} type="url" required
131:             placeholder="https://your-zveltio-instance.com/api/auth/saml/callback"
22:13:59 [vite-plugin-svelte] src/SamlConfigPage.svelte:136:10 A form label must be associated with a control
https://svelte.dev/e/a11y_label_has_associated_control
134: 
135:         <div>
136:           <label class="block text-sm font-medium text-gray-700 mb-1">IdP Certificate (PEM) <span class="text-red-500">*</span></label>
                                                                                                                                            ^
137:           <textarea bind:value={config.cert} rows={4} required
138:             placeholder="-----BEGIN CERTIFICATE-----&#10;...&#10;-----END CERTIFICATE-----"
22:13:59 [vite-plugin-svelte] src/SamlConfigPage.svelte:143:10 A form label must be associated with a control
https://svelte.dev/e/a11y_label_has_associated_control
141: 
142:         <div>
143:           <label class="block text-sm font-medium text-gray-700 mb-1">SP Private Key (optional)</label>
                                                                                                            ^
144:           <textarea bind:value={config.privateKey} rows={3}
145:             placeholder="-----BEGIN PRIVATE KEY-----&#10;...&#10;-----END PRIVATE KEY-----"
22:13:59 [vite-plugin-svelte] src/SamlConfigPage.svelte:152:12 A form label must be associated with a control
https://svelte.dev/e/a11y_label_has_associated_control
150:         <div class="grid grid-cols-2 gap-3">
151:           <div>
152:             <label class="block text-sm font-medium text-gray-700 mb-1">Signature Algorithm</label>
                                                                                                        ^
153:             <select bind:value={config.signatureAlgorithm}
154:               class="w-full rounded-lg border border-gray-200 px-3 py-2 text-sm focus:border-blue-400 focus:outline-none">
22:13:59 [vite-plugin-svelte] src/SamlConfigPage.svelte:170:12 A form label must be associated with a control
https://svelte.dev/e/a11y_label_has_associated_control
168:         <div class="grid grid-cols-2 gap-3">
169:           <div>
170:             <label class="block text-sm font-medium text-gray-700 mb-1">Email attribute</label>
                                                                                                    ^
171:             <input bind:value={config.mapEmail} type="text" placeholder="email"
172:               class="w-full rounded-lg border border-gray-200 px-3 py-2 text-sm focus:border-blue-400 focus:outline-none" />
22:13:59 [vite-plugin-svelte] src/SamlConfigPage.svelte:175:12 A form label must be associated with a control
https://svelte.dev/e/a11y_label_has_associated_control
173:           </div>
174:           <div>
175:             <label class="block text-sm font-medium text-gray-700 mb-1">Name attribute</label>
                                                                                                   ^
176:             <input bind:value={config.mapName} type="text" placeholder="displayName"
177:               class="w-full rounded-lg border border-gray-200 px-3 py-2 text-sm focus:border-blue-400 focus:outline-none" />
