$ vite build
22:13:58 [vite-plugin-svelte] no Svelte config found at C:/Users/Liviu/zveltio-ecosystem/zveltio-extensions/i18n/translations/studio - using default configuration.
[36mvite v6.4.2 [32mbuilding for production...[36m[39m
transforming...
22:13:59 [vite-plugin-svelte] src/pages/Page.svelte:127:2 Visible, non-interactive elements with a click event must be accompanied by a keyboard event handler. Consider whether an interactive element such as `<button type="button">` or `<a>` might be more appropriate
https://svelte.dev/e/a11y_click_events_have_key_events
125: 
126: {#if showLocaleForm}
127:   <div class="fixed inset-0 z-50 bg-black/50 flex items-center justify-center p-4" onclick={(e) => e.target === e.currentTarget && (showLocaleForm = false)}>
             ^
128:     <div class="bg-base-100 rounded-xl p-6 w-full max-w-sm">
129:       <div class="flex items-center justify-between mb-4"><h2 class="text-xl font-semibold">New locale</h2><button class="btn btn-ghost btn-sm btn-square" onclick={() => (showLocaleForm = false)}><X class="h-4 w-4" /></button></div>
22:13:59 [vite-plugin-svelte] src/pages/Page.svelte:127:2 `<div>` with a click handler must have an ARIA role
https://svelte.dev/e/a11y_no_static_element_interactions
125: 
126: {#if showLocaleForm}
127:   <div class="fixed inset-0 z-50 bg-black/50 flex items-center justify-center p-4" onclick={(e) => e.target === e.currentTarget && (showLocaleForm = false)}>
             ^
128:     <div class="bg-base-100 rounded-xl p-6 w-full max-w-sm">
129:       <div class="flex items-center justify-between mb-4"><h2 class="text-xl font-semibold">New locale</h2><button class="btn btn-ghost btn-sm btn-square" onclick={() => (showLocaleForm = false)}><X class="h-4 w-4" /></button></div>
22:13:59 [vite-plugin-svelte] src/pages/Page.svelte:131:13 A form label must be associated with a control
https://svelte.dev/e/a11y_label_has_associated_control
129:       <div class="flex items-center justify-between mb-4"><h2 class="text-xl font-semibold">New locale</h2><button class="btn btn-ghost btn-sm btn-square" onclick={() => (showLocaleForm = false)}><X class="h-4 w-4" /></button></div>
130:       <div class="space-y-3">
131:         <div><label class="label label-text">Code (e.g. ro, en, de)</label><input class="input input-bordered w-full font-mono" maxlength="5" bind:value={localeForm.code} /></div>
                                                                                ^
132:         <div><label class="label label-text">Name</label><input class="input input-bordered w-full" bind:value={localeForm.name} /></div>
133:       </div>
22:13:59 [vite-plugin-svelte] src/pages/Page.svelte:132:13 A form label must be associated with a control
https://svelte.dev/e/a11y_label_has_associated_control
130:       <div class="space-y-3">
131:         <div><label class="label label-text">Code (e.g. ro, en, de)</label><input class="input input-bordered w-full font-mono" maxlength="5" bind:value={localeForm.code} /></div>
132:         <div><label class="label label-text">Name</label><input class="input input-bordered w-full" bind:value={localeForm.name} /></div>
                                                              ^
133:       </div>
134:       <div class="flex justify-end gap-2 mt-4"><button class="btn btn-ghost" onclick={() => (showLocaleForm = false)}>Cancel</button><button class="btn btn-primary" disabled={saving || !localeForm.code} onclick={createLocale}>{saving ? 'Saving…' : 'Add'}</button></div>
