$ vite build
[36mvite v6.4.2 [32mbuilding for production...[36m[39m
transforming...
22:13:58 [vite-plugin-svelte] src/pages/DocumentsPage.svelte:182:1 A form label must be associated with a control
https://svelte.dev/e/a11y_label_has_associated_control
180:  <div class="mb-4">
181:  <div class="flex justify-between mb-2">
182:  <label class="label-text font-medium">Parti implicate</label>
                                                                   ^
183:  <button class="btn btn-ghost btn-xs" onclick={() => (form.parties = [...form.parties, { name: '', cui: '', role: 'beneficiar' }])}>+ Parte</button>
184:  </div>
22:13:58 [vite-plugin-svelte] src/pages/DocumentsPage.svelte:202:1 Buttons and links should either contain text or have an `aria-label`, `aria-labelledby` or `title` attribute
https://svelte.dev/e/a11y_consider_explicit_label
200:  </div>
201:  </div>
202:  <button class="modal-backdrop" onclick={() => (showCreateModal = false)}></button>
                                                                                        ^
203:  </dialog>
204: {/if}
[32m✓[39m 2 modules transformed.
[31m✗[39m Build failed in 228ms
[31merror during build:
[31m[vite]: Rollup failed to resolve import "@lucide/svelte" from "C:/Users/Liviu/zveltio-ecosystem/zveltio-extensions/compliance/ro/documents/studio/src/pages/DocumentsPage.svelte".
This is most likely unintended because it can break your application at runtime.
If you do want to externalize this module explicitly add it to
`build.rollupOptions.external`[31m
    at viteLog (file:///C:/Users/Liviu/zveltio-ecosystem/zveltio-extensions/node_modules/.bun/vite@6.4.2+8595fc4668f1cbd1/node_modules/vite/dist/node/chunks/dep-Dq2t6Dq0.js:46399:15)
    at onRollupLog (file:///C:/Users/Liviu/zveltio-ecosystem/zveltio-extensions/node_modules/.bun/vite@6.4.2+8595fc4668f1cbd1/node_modules/vite/dist/node/chunks/dep-Dq2t6Dq0.js:46449:5)
    at onLog (file:///C:/Users/Liviu/zveltio-ecosystem/zveltio-extensions/node_modules/.bun/vite@6.4.2+8595fc4668f1cbd1/node_modules/vite/dist/node/chunks/dep-Dq2t6Dq0.js:46097:7)
    at file:///C:/Users/Liviu/zveltio-ecosystem/zveltio-extensions/node_modules/.bun/rollup@4.60.3/node_modules/rollup/dist/es/shared/node-entry.js:21389:32
    at Object.logger [as onLog] (file:///C:/Users/Liviu/zveltio-ecosystem/zveltio-extensions/node_modules/.bun/rollup@4.60.3/node_modules/rollup/dist/es/shared/node-entry.js:23384:9)
    at ModuleLoader.handleInvalidResolvedId (file:///C:/Users/Liviu/zveltio-ecosystem/zveltio-extensions/node_modules/.bun/rollup@4.60.3/node_modules/rollup/dist/es/shared/node-entry.js:22128:26)
    at file:///C:/Users/Liviu/zveltio-ecosystem/zveltio-extensions/node_modules/.bun/rollup@4.60.3/node_modules/rollup/dist/es/shared/node-entry.js:22086:26[39m
error: script "build" exited with code 1
